750
22
775
401 8
511 15
339 20
127
183 27
162 51
409 88
125
951
570
241
329
376 91
40 94
169 108
612 114
808 118
153 204
262 242
661 249
728
286
78
964
605
744 263
799
557
509
969
840 289
899
372 341
721 344
469 392
670 408
912 470
825 471
227 521
877
260
145
768
44 543
995 553
217
550
99 581
93 615
991 619
982 795
789 796
481 797
725
472
302
28
993 814
588
350 837
182 847
113
287
211
38
735 861
889
231 894
664 10
896
494 26
275
109
820
181
546
149
645
856 31
524 67
929 101
817 105
438 150
202
468
160 155
758 195
986
55 200
739
858 243
458 256
567
23
960 386
559
620 402
404
723
270 413
247
255
924
196
436
973 415
300
89
490 447
311
133 461
497
138 475
387
947 513
355 522
504
732
657 617
64 665
259 686
13
606
230
83
860
5
939
846 714
157 740
630 751
935
48
779
455 813
134 873
179
364
81
450
228
87
561
70
154
701 885
770 49
806 52
320
102 72
967 130
962
802
139
653 137
746
913
353 236
881 304
836
443 307
19
391
908
950
129 318
525 327
301
488
736
478 368
452 383
544 394
410 422
12 424
131 444
34
314
4
880
922
729
116 454
812
629
887
197
654
330 482
313
956 537
98
745
451
803
457
463
905
254
710 674
643 703
936
551
348
977 716
216
115 726
765 800
741
219
278
994
862 832
407 932
755
616
75
50
479
761
760 988
641
992
562 30
272
609 32
499
532
743
648
292
103
294
517 80
416
414 144
890
493
631 147
240
867
328
571 156
623
502
830
594
128 188
613
727
201
572 285
360
473
771
835 297
90
501 321
214 345
381
848
92
76 371
305
942
166
296
954
555
638
937 388
984 518
644
309
536
576
3
428 583
265
516
47 625
480
663
907
688
715 662
607 675
199 697
996 705
695 794
801 833
534 841
677
435
252 853
855
25
529 872
63
505
485
921
365 891
65 903
595 915
467
815
622 953
712
845
492 6
370
159
578 18
566 124
189
373 146
756
423
277
361
778
332
367
151 165
866 173
818 244
208
852
878
829
704
279
178
839
95 273
708
886
215 290
997
864
462
707
257 336
331 382
530
706
737 405
533
742
406
508
539
210
245
148
411
96 426
624 434
9
60
281
335 437
927 459
930 474
972
923
573 528
349
187
781 547
377
757
338 681
610
769 689
719
440
106
541
226 763
777
585 805
352
171 857
366 879
545 920
233
358
35
460
823
844
120
123 943
61 952
375 36
679
819
759 126
237 163
627
203
21
792
238 168
421
433
41
389
816 172
821
589 198
831
507
207 234
949 250
7
963
11
604
577 266
863
232
900
749 288
650
500
906
614
176
979 465
487 495
503 563
584
684 579
57 582
970
575
549
865
669
974 590
811
396
73
931
347
893
626
429
788 651
990 711
251
596
671
776
926
754
71 753
119 774
111
456
554
888
702
987
369
193
965 810
514
222
869
944
140
46 834
957 838
851
483
824 876
39
786
400
225
393
859
267
692
687
218 958
229
526
597
284
283
637 2
658
177
446
261
628 59
580 143
298
167
998
142
362
342
676 223
29
442
718
62
0 271
542 280
785
901 359
427 385
498 390
918 464
299
934 599
870
213
978
722
564 601
593
303
206 709
975
85 871
430
333
395 882
925
717 911
274
682
486
875
224 919
484 37
100
826
24
184
565
82 58
374
246 66
425
412
384 158
164
269 161
592
346
591
724
773 248
632 337
560
787
933
356
334
586 343
378
548 432
827
804
731 510
45
209
720 535
519
235
611
540
121
136
312
520
981 608
667
660 633
84 636
791
850
652
640
291 666
77
656
319
491
107
212
174
191 668
897 698
678
747
693
849
868 793
239
417 828
790
690
325
441
552 910
439
940 928
895
268
1
914
323
489
110
293
310 961
713
306 68
917
874
772
733
672
809
380
968 69
185 86
822
843
453
966
315
419 117
132
112
807
574
431
556
205
680
399 175
842
141
587 264
762 295
42
673 466
730
316
621
941 476
326
904 527
515
152 618
74
14
43
538
647
782 634
379
854
603 635
738
186
946 659
752 683
258
351
357
317
104 685
700 883
655
403 884
955
764
696 898
97 909
170
363 53
397
983
354
598 54
531
976
220
600 79
17
340
767
445 180
398 190
506
938
694
16
135
33
477
192
642
194
798 221
449 253
512 322
496 324
646
766
784
276
916 418
945 523
971
699 558
568 750
282
308
420
448
569
959
980 783
602
639
649
734
691
748
892 902
780
948
985 999
989
56
122
